▲ Next.js 16.1.6 (webpack)
- Local:         http://localhost:3000
- Network:       http://192.168.0.2:3000

✓ Starting...
It looks like you're trying to use TypeScript but do not have the required package(s) installed.
Installing dependencies

If you are not trying to use TypeScript, please remove the tsconfig.json file from your package root (and any TypeScript files in your app and pages directories).


Installing devDependencies (yarn):
- typescript
- @types/react
- @types/node

yarn add v1.22.22
info No lockfile found.
[1/4] Resolving packages...
warning snyk > global-agent > boolean@3.2.0: Package no longer supported. Contact Support at https://www.npmjs.com/support for more info.
warning snyk > global-agent > roarr > boolean@3.2.0: Package no longer supported. Contact Support at https://www.npmjs.com/support for more info.
[2/4] Fetching packages...
[3/4] Linking dependencies...
warning " > @number-flow/react@0.2.6" has incorrect peer dependency "react-dom@^18".
[4/4] Building fresh packages...
success Saved lockfile.
success Saved 407 new dependencies.
info Direct dependencies
├─ @number-flow/react@0.2.6
├─ @radix-ui/react-label@2.1.8
├─ @radix-ui/react-switch@1.2.6
├─ @radix-ui/react-tooltip@1.2.8
├─ @types/canvas-confetti@1.9.0
├─ @types/node@25.3.2
├─ @types/react-dom@19.2.3
├─ @types/react@19.2.14
├─ @types/three@0.181.0
├─ autoprefixer@10.4.27
├─ babel-plugin-react-compiler@1.0.0
├─ canvas-confetti@1.9.4
├─ class-variance-authority@0.7.1
├─ disposable-email-domains@1.0.62
├─ eslint-config-next@16.1.6
├─ eslint-plugin-import-x@4.16.1
├─ eslint-plugin-jsx-a11y@6.10.2
├─ eslint-plugin-security@3.0.1
├─ eslint@9.39.3
├─ framer-motion@11.18.2
├─ gsap@3.14.2
├─ highlight.js@11.11.1
├─ lucide-react@0.552.0
├─ next@16.1.6
├─ postcss@8.5.6
├─ react-dom@19.2.4
├─ react-icons@5.5.0
├─ react-intersection-observer@9.16.0
├─ react-markdown@10.1.0
├─ react@19.2.4
├─ rehype-highlight@7.0.2
├─ remark-gfm@4.0.1
├─ snyk@1.1303.0
├─ tailwind-merge@2.6.1
├─ tailwindcss@3.4.19
├─ three@0.181.2
├─ typescript@5.9.3
└─ zod@4.3.6
info All dependencies
├─ @alloc/quick-lru@5.2.0
├─ @babel/compat-data@7.29.0
├─ @babel/core@7.29.0
├─ @babel/helper-compilation-targets@7.28.6
├─ @babel/helper-globals@7.28.0
├─ @babel/helper-module-imports@7.28.6
├─ @babel/helper-module-transforms@7.28.6
├─ @babel/helper-string-parser@7.27.1
├─ @babel/helper-validator-option@7.27.1
├─ @babel/helpers@7.28.6
├─ @dimforge/rapier3d-compat@0.12.0
├─ @eslint-community/eslint-utils@4.9.1
├─ @eslint-community/regexpp@4.12.2
├─ @eslint/config-array@0.21.1
├─ @eslint/config-helpers@0.4.2
├─ @eslint/js@9.39.3
├─ @eslint/object-schema@2.1.7
├─ @eslint/plugin-kit@0.4.1
├─ @floating-ui/core@1.7.4
├─ @floating-ui/dom@1.7.5
├─ @floating-ui/react-dom@2.1.7
├─ @humanfs/core@0.19.1
├─ @humanfs/node@0.16.7
├─ @humanwhocodes/module-importer@1.0.1
├─ @humanwhocodes/retry@0.4.3
├─ @img/colour@1.0.0
├─ @img/sharp-linux-x64@0.34.5
├─ @img/sharp-linuxmusl-x64@0.34.5
├─ @jridgewell/gen-mapping@0.3.13
├─ @jridgewell/remapping@2.3.5
├─ @jridgewell/resolve-uri@3.1.2
├─ @jridgewell/sourcemap-codec@1.5.5
├─ @next/env@16.1.6
├─ @next/eslint-plugin-next@16.1.6
├─ @next/swc-linux-x64-gnu@16.1.6
├─ @next/swc-linux-x64-musl@16.1.6
├─ @nodelib/fs.scandir@2.1.5
├─ @nolyfill/is-core-module@1.0.39
├─ @number-flow/react@0.2.6
├─ @radix-ui/react-arrow@1.1.7
├─ @radix-ui/react-dismissable-layer@1.1.11
├─ @radix-ui/react-id@1.1.1
├─ @radix-ui/react-label@2.1.8
├─ @radix-ui/react-popper@1.2.8
├─ @radix-ui/react-portal@1.1.9
├─ @radix-ui/react-presence@1.1.5
├─ @radix-ui/react-switch@1.2.6
├─ @radix-ui/react-tooltip@1.2.8
├─ @radix-ui/react-use-effect-event@0.0.2
├─ @radix-ui/react-use-escape-keydown@1.1.1
├─ @radix-ui/react-use-previous@1.1.1
├─ @radix-ui/react-use-rect@1.1.1
├─ @radix-ui/react-visually-hidden@1.2.3
├─ @rtsao/scc@1.1.0
├─ @sentry-internal/tracing@7.120.4
├─ @sentry/integrations@7.120.4
├─ @sentry/node@7.120.4
├─ @swc/helpers@0.5.15
├─ @tweenjs/tween.js@23.1.3
├─ @types/canvas-confetti@1.9.0
├─ @types/debug@4.1.12
├─ @types/estree@1.0.8
├─ @types/json-schema@7.0.15
├─ @types/json5@0.0.29
├─ @types/ms@2.1.0
├─ @types/node@25.3.2
├─ @types/react-dom@19.2.3
├─ @types/react@19.2.14
├─ @types/stats.js@0.17.4
├─ @types/three@0.181.0
├─ @types/webxr@0.5.24
├─ @typescript-eslint/eslint-plugin@8.56.1
├─ @typescript-eslint/parser@8.56.1
├─ @typescript-eslint/project-service@8.56.1
├─ @typescript-eslint/tsconfig-utils@8.56.1
├─ @typescript-eslint/type-utils@8.56.1
├─ @typescript-eslint/types@8.56.1
├─ @ungap/structured-clone@1.3.0
├─ @unrs/resolver-binding-linux-x64-gnu@1.11.1
├─ @unrs/resolver-binding-linux-x64-musl@1.11.1
├─ @webgpu/types@0.1.69
├─ acorn-jsx@5.3.2
├─ acorn@8.16.0
├─ ajv@6.14.0
├─ ansi-styles@4.3.0
├─ anymatch@3.1.3
├─ arg@5.0.2
├─ argparse@2.0.1
├─ aria-query@5.3.2
├─ array-buffer-byte-length@1.0.2
├─ array-includes@3.1.9
├─ array.prototype.findlast@1.2.5
├─ array.prototype.findlastindex@1.2.6
├─ array.prototype.flat@1.3.3
├─ array.prototype.tosorted@1.1.4
├─ arraybuffer.prototype.slice@1.0.4
├─ ast-types-flow@0.0.8
├─ async-function@1.0.0
├─ autoprefixer@10.4.27
├─ axe-core@4.11.1
├─ axobject-query@4.1.0
├─ babel-plugin-react-compiler@1.0.0
├─ bail@2.0.2
├─ balanced-match@1.0.2
├─ baseline-browser-mapping@2.10.0
├─ binary-extensions@2.3.0
├─ brace-expansion@1.1.12
├─ braces@3.0.3
├─ browserslist@4.28.1
├─ call-bind-apply-helpers@1.0.2
├─ callsites@3.1.0
├─ camelcase-css@2.0.1
├─ caniuse-lite@1.0.30001774
├─ canvas-confetti@1.9.4
├─ chalk@4.1.2
├─ character-entities-html4@2.1.0
├─ character-entities@2.0.2
├─ character-reference-invalid@2.0.1
├─ chokidar@3.6.0
├─ class-variance-authority@0.7.1
├─ client-only@0.0.1
├─ color-convert@2.0.1
├─ color-name@1.1.4
├─ comma-separated-tokens@2.0.3
├─ commander@4.1.1
├─ comment-parser@1.4.5
├─ concat-map@0.0.1
├─ convert-source-map@2.0.0
├─ cross-spawn@7.0.6
├─ cssesc@3.0.0
├─ csstype@3.2.3
├─ damerau-levenshtein@1.0.8
├─ data-view-buffer@1.0.2
├─ data-view-byte-length@1.0.2
├─ data-view-byte-offset@1.0.1
├─ debug@4.4.3
├─ deep-is@0.1.4
├─ dequal@2.0.3
├─ detect-libc@2.1.2
├─ detect-node@2.1.0
├─ didyoumean@1.2.2
├─ disposable-email-domains@1.0.62
├─ dlv@1.1.3
├─ electron-to-chromium@1.5.302
├─ emoji-regex@9.2.2
├─ es-iterator-helpers@1.2.2
├─ es-shim-unscopables@1.1.0
├─ es-to-primitive@1.3.0
├─ es6-error@4.1.1
├─ escalade@3.2.0
├─ eslint-config-next@16.1.6
├─ eslint-import-context@0.1.9
├─ eslint-import-resolver-node@0.3.9
├─ eslint-import-resolver-typescript@3.10.1
├─ eslint-module-utils@2.12.1
├─ eslint-plugin-import-x@4.16.1
├─ eslint-plugin-import@2.32.0
├─ eslint-plugin-jsx-a11y@6.10.2
├─ eslint-plugin-react-hooks@7.0.1
├─ eslint-plugin-react@7.37.5
├─ eslint-plugin-security@3.0.1
├─ eslint-scope@8.4.0
├─ eslint@9.39.3
├─ espree@10.4.0
├─ esquery@1.7.0
├─ esrecurse@4.3.0
├─ estraverse@5.3.0
├─ estree-util-is-identifier-name@3.0.0
├─ extend@3.0.2
├─ fast-deep-equal@3.1.3
├─ fast-glob@3.3.3
├─ fast-json-stable-stringify@2.1.0
├─ fast-levenshtein@2.0.6
├─ fastq@1.20.1
├─ fflate@0.8.2
├─ file-entry-cache@8.0.0
├─ fill-range@7.1.1
├─ find-up@5.0.0
├─ flat-cache@4.0.1
├─ flatted@3.3.3
├─ for-each@0.3.5
├─ fraction.js@5.3.4
├─ framer-motion@11.18.2
├─ function.prototype.name@1.1.8
├─ generator-function@2.0.1
├─ gensync@1.0.0-beta.2
├─ get-symbol-description@1.1.0
├─ get-tsconfig@4.13.6
├─ glob-parent@5.1.2
├─ global-agent@3.0.0
├─ globals@16.4.0
├─ globalthis@1.0.4
├─ gsap@3.14.2
├─ has-flag@4.0.0
├─ hast-util-is-element@3.0.0
├─ hast-util-to-jsx-runtime@2.3.6
├─ hast-util-to-text@4.0.2
├─ hast-util-whitespace@3.0.0
├─ hermes-estree@0.25.1
├─ hermes-parser@0.25.1
├─ highlight.js@11.11.1
├─ html-url-attributes@3.0.1
├─ immediate@3.0.6
├─ import-fresh@3.3.1
├─ imurmurhash@0.1.4
├─ inline-style-parser@0.2.7
├─ is-alphabetical@2.0.1
├─ is-alphanumerical@2.0.1
├─ is-array-buffer@3.0.5
├─ is-async-function@2.1.1
├─ is-bigint@1.1.0
├─ is-binary-path@2.1.0
├─ is-boolean-object@1.2.2
├─ is-bun-module@2.0.0
├─ is-date-object@1.1.0
├─ is-extglob@2.1.1
├─ is-finalizationregistry@1.1.1
├─ is-generator-function@1.1.2
├─ is-glob@4.0.3
├─ is-hexadecimal@2.0.1
├─ is-map@2.0.3
├─ is-negative-zero@2.0.3
├─ is-number-object@1.1.1
├─ is-number@7.0.0
├─ is-plain-obj@4.1.0
├─ is-shared-array-buffer@1.0.4
├─ is-symbol@1.1.1
├─ is-weakmap@2.0.2
├─ is-weakref@1.1.1
├─ is-weakset@2.0.4
├─ isexe@2.0.0
├─ iterator.prototype@1.1.5
├─ jiti@1.21.7
├─ js-tokens@4.0.0
├─ js-yaml@4.1.1
├─ jsesc@3.1.0
├─ json-buffer@3.0.1
├─ json-schema-traverse@0.4.1
├─ json-stable-stringify-without-jsonify@1.0.1
├─ json-stringify-safe@5.0.1
├─ json5@1.0.2
├─ jsx-ast-utils@3.3.5
├─ keyv@4.5.4
├─ language-subtag-registry@0.3.23
├─ language-tags@1.0.9
├─ lie@3.1.1
├─ lilconfig@3.1.3
├─ lines-and-columns@1.2.4
├─ localforage@1.10.0
├─ locate-path@6.0.0
├─ lodash.merge@4.6.2
├─ longest-streak@3.1.0
├─ loose-envify@1.4.0
├─ lowlight@3.3.0
├─ lru-cache@5.1.1
├─ lucide-react@0.552.0
├─ markdown-table@3.0.4
├─ matcher@3.0.0
├─ mdast-util-find-and-replace@3.0.2
├─ mdast-util-gfm-autolink-literal@2.0.1
├─ mdast-util-gfm-footnote@2.1.0
├─ mdast-util-gfm-strikethrough@2.0.0
├─ mdast-util-gfm-table@2.0.0
├─ mdast-util-gfm-task-list-item@2.0.0
├─ mdast-util-gfm@3.1.0
├─ mdast-util-mdx-expression@2.0.1
├─ mdast-util-mdx-jsx@3.2.0
├─ mdast-util-mdxjs-esm@2.0.1
├─ mdast-util-phrasing@4.1.0
├─ meshoptimizer@0.22.0
├─ micromark-extension-gfm-autolink-literal@2.1.0
├─ micromark-extension-gfm-footnote@2.1.0
├─ micromark-extension-gfm-strikethrough@2.1.0
├─ micromark-extension-gfm-table@2.1.1
├─ micromark-extension-gfm-tagfilter@2.0.0
├─ micromark-extension-gfm-task-list-item@2.1.0
├─ micromark-extension-gfm@3.0.0
├─ micromark-factory-destination@2.0.1
├─ micromark-factory-label@2.0.1
├─ micromark-factory-title@2.0.1
├─ micromark-factory-whitespace@2.0.1
├─ micromark-util-html-tag-name@2.0.1
├─ micromark@4.0.2
├─ minimist@1.2.8
├─ motion-dom@11.18.1
├─ ms@2.1.3
├─ mz@2.7.0
├─ nanoid@3.3.11
├─ napi-postinstall@0.3.4
├─ next@16.1.6
├─ node-exports-info@1.6.0
├─ node-releases@2.0.27
├─ number-flow@0.3.4
├─ object-assign@4.1.1
├─ object-hash@3.0.0
├─ object.assign@4.1.7
├─ object.groupby@1.0.3
├─ object.values@1.2.1
├─ optionator@0.9.4
├─ own-keys@1.0.1
├─ p-limit@3.1.0
├─ p-locate@5.0.0
├─ parent-module@1.0.1
├─ parse-entities@4.0.2
├─ path-exists@4.0.0
├─ path-key@3.1.1
├─ picomatch@2.3.1
├─ pify@2.3.0
├─ pirates@4.0.7
├─ postcss-import@15.1.0
├─ postcss-js@4.1.0
├─ postcss-load-config@6.0.1
├─ postcss-nested@6.2.0
├─ postcss-selector-parser@6.1.2
├─ postcss-value-parser@4.2.0
├─ postcss@8.5.6
├─ prop-types@15.8.1
├─ property-information@7.1.0
├─ punycode@2.3.1
├─ queue-microtask@1.2.3
├─ react-dom@19.2.4
├─ react-icons@5.5.0
├─ react-intersection-observer@9.16.0
├─ react-is@16.13.1
├─ react-markdown@10.1.0
├─ react@19.2.4
├─ read-cache@1.0.0
├─ readdirp@3.6.0
├─ reflect.getprototypeof@1.0.10
├─ regexp-tree@0.1.27
├─ regexp.prototype.flags@1.5.4
├─ rehype-highlight@7.0.2
├─ remark-gfm@4.0.1
├─ remark-rehype@11.1.2
├─ remark-stringify@11.0.0
├─ resolve-from@4.0.0
├─ resolve-pkg-maps@1.0.0
├─ resolve@1.22.11
├─ reusify@1.1.0
├─ roarr@2.15.4
├─ run-parallel@1.2.0
├─ safe-regex@2.1.1
├─ scheduler@0.27.0
├─ semver-compare@1.0.0
├─ serialize-error@7.0.1
├─ set-function-length@1.2.2
├─ set-proto@1.0.0
├─ sharp@0.34.5
├─ shebang-command@2.0.0
├─ shebang-regex@3.0.0
├─ side-channel-list@1.0.0
├─ side-channel-weakmap@1.0.2
├─ snyk@1.1303.0
├─ source-map-js@1.2.1
├─ space-separated-tokens@2.0.2
├─ sprintf-js@1.1.3
├─ stable-hash@0.0.5
├─ stop-iteration-iterator@1.1.0
├─ string.prototype.includes@2.0.1
├─ string.prototype.matchall@4.0.12
├─ string.prototype.repeat@1.0.0
├─ string.prototype.trim@1.2.10
├─ string.prototype.trimstart@1.0.8
├─ stringify-entities@4.0.4
├─ strip-bom@3.0.0
├─ strip-json-comments@3.1.1
├─ style-to-js@1.1.21
├─ style-to-object@1.0.14
├─ styled-jsx@5.1.6
├─ sucrase@3.35.1
├─ supports-color@7.2.0
├─ tailwind-merge@2.6.1
├─ tailwindcss@3.4.19
├─ thenify-all@1.6.0
├─ thenify@3.3.1
├─ three@0.181.2
├─ tinyglobby@0.2.15
├─ to-regex-range@5.0.1
├─ trim-lines@3.0.1
├─ trough@2.2.0
├─ ts-interface-checker@0.1.13
├─ tsconfig-paths@3.15.0
├─ type-check@0.4.0
├─ type-fest@0.13.1
├─ typed-array-buffer@1.0.3
├─ typed-array-byte-length@1.0.3
├─ typed-array-byte-offset@1.0.4
├─ typed-array-length@1.0.7
├─ typescript-eslint@8.56.1
├─ typescript@5.9.3
├─ unbox-primitive@1.1.0
├─ undici-types@7.18.2
├─ unist-util-find-after@5.0.0
├─ unrs-resolver@1.11.1
├─ update-browserslist-db@1.2.3
├─ uri-js@4.4.1
├─ util-deprecate@1.0.2
├─ which-boxed-primitive@1.1.1
├─ which-builtin-type@1.2.1
├─ which-collection@1.0.2
├─ which@2.0.2
├─ word-wrap@1.2.5
├─ yallist@3.1.1
├─ yocto-queue@0.1.0
├─ zod-validation-error@4.0.2
├─ zod@4.3.6
└─ zwitch@2.0.4
Done in 73.81s.

✓ Ready in 76.4s
○ Compiling / ...
⨯ ./app/error.tsx:7:1
Module not found: Can't resolve '@/lib/utils'
   5 | import { AlertTriangle, RefreshCw, Home } from "lucide-react";
   6 | import Link from "next/link";
>  7 | import { cn } from "@/lib/utils";
     | ^
   8 |
   9 | export default function Error({
  10 |   error,

https://nextjs.org/docs/messages/module-not-found
⨯ ./app/error.tsx:7:1
Module not found: Can't resolve '@/lib/utils'
   5 | import { AlertTriangle, RefreshCw, Home } from "lucide-react";
   6 | import Link from "next/link";
>  7 | import { cn } from "@/lib/utils";
     | ^
   8 |
   9 | export default function Error({
  10 |   error,

https://nextjs.org/docs/messages/module-not-found
⨯ ./app/error.tsx:7:1
Module not found: Can't resolve '@/lib/utils'
   5 | import { AlertTriangle, RefreshCw, Home } from "lucide-react";
   6 | import Link from "next/link";
>  7 | import { cn } from "@/lib/utils";
     | ^
   8 |
   9 | export default function Error({
  10 |   error,

https://nextjs.org/docs/messages/module-not-found
 GET / 500 in 32.8s (compile: 32.4s, proxy.ts: 243ms, render: 241ms)
 GET / 500 in 60ms (compile: 19ms, proxy.ts: 22ms, render: 20ms)
